TN:
SF:src/modules/customers/services/CreateCustomerService.ts
FN:14,(anonymous_18)
FN:15,CreateCustomerService
FN:20,(anonymous_20)
FNF:3
FNH:3
FNDA:1,(anonymous_18)
FNDA:2,CreateCustomerService
FNDA:1,(anonymous_20)
DA:1,1
DA:3,1
DA:14,1
DA:17,2
DA:20,1
DA:21,1
DA:23,1
DA:24,0
DA:27,1
DA:29,1
DA:31,1
DA:33,1
LF:12
LH:11
BRDA:21,0,0,1
BRDA:23,1,0,0
BRDA:23,1,1,1
BRF:3
BRH:2
end_of_record
TN:
SF:src/modules/orders/services/CreateOrderService.ts
FN:21,(anonymous_18)
FN:22,CreateOrderService
FN:33,(anonymous_20)
FNF:3
FNH:3
FNDA:1,(anonymous_18)
FNDA:2,CreateOrderService
FNDA:2,(anonymous_20)
DA:1,1
DA:3,1
DA:21,1
DA:24,2
DA:27,2
DA:30,2
DA:33,2
DA:34,2
DA:35,2
DA:37,2
DA:38,1
DA:41,1
DA:46,1
DA:48,1
DA:50,1
LF:15
LH:15
BRDA:34,0,0,2
BRDA:37,1,0,1
BRDA:37,1,1,1
BRF:3
BRH:3
end_of_record
TN:
SF:src/modules/orders/services/FindOrderService.ts
FN:13,(anonymous_15)
FN:14,FindOrderService
FN:20,(anonymous_17)
FNF:3
FNH:0
FNDA:0,(anonymous_15)
FNDA:0,FindOrderService
FNDA:0,(anonymous_17)
DA:1,0
DA:13,0
DA:15,0
DA:16,0
DA:17,0
DA:20,0
DA:22,0
DA:24,0
DA:26,0
LF:9
LH:0
BRF:0
BRH:0
end_of_record
TN:
SF:src/modules/products/services/CreateProductService.ts
FN:15,(anonymous_18)
FN:16,CreateProductService
FN:21,(anonymous_20)
FNF:3
FNH:3
FNDA:1,(anonymous_18)
FNDA:2,CreateProductService
FNDA:10,(anonymous_20)
DA:1,1
DA:3,1
DA:15,1
DA:18,2
DA:21,10
DA:22,10
DA:24,10
DA:25,0
DA:28,10
DA:34,10
DA:36,1
DA:38,1
LF:12
LH:11
BRDA:22,0,0,10
BRDA:24,1,0,0
BRDA:24,1,1,10
BRF:3
BRH:2
end_of_record
