TN:
SF:src/modules/customers/services/CreateCustomerService.ts
FN:14,(anonymous_18)
FN:15,CreateCustomerService
FN:20,(anonymous_20)
FNF:3
FNH:3
FNDA:1,(anonymous_18)
FNDA:2,CreateCustomerService
FNDA:3,(anonymous_20)
DA:1,1
DA:3,1
DA:14,1
DA:17,2
DA:20,3
DA:21,3
DA:23,3
DA:24,1
DA:27,2
DA:29,2
DA:31,1
DA:33,1
LF:12
LH:12
BRDA:21,0,0,3
BRDA:23,1,0,1
BRDA:23,1,1,2
BRF:3
BRH:3
end_of_record
TN:
SF:src/modules/orders/services/CreateOrderService.ts
FN:21,(anonymous_16)
FN:22,CreateOrderService
FN:28,(anonymous_18)
FNF:3
FNH:0
FNDA:0,(anonymous_16)
FNDA:0,CreateOrderService
FNDA:0,(anonymous_18)
DA:1,0
DA:7,0
DA:21,0
DA:23,0
DA:24,0
DA:25,0
DA:28,0
DA:30,0
DA:31,0
DA:33,0
DA:35,0
LF:11
LH:0
BRF:0
BRH:0
end_of_record
TN:
SF:src/modules/orders/services/FindOrderService.ts
FN:13,(anonymous_15)
FN:14,FindOrderService
FN:20,(anonymous_17)
FNF:3
FNH:0
FNDA:0,(anonymous_15)
FNDA:0,FindOrderService
FNDA:0,(anonymous_17)
DA:1,0
DA:13,0
DA:15,0
DA:16,0
DA:17,0
DA:20,0
DA:22,0
DA:24,0
DA:26,0
LF:9
LH:0
BRF:0
BRH:0
end_of_record
TN:
SF:src/modules/products/services/CreateProductService.ts
FN:15,(anonymous_16)
FN:16,CreateProductService
FN:18,(anonymous_18)
FNF:3
FNH:0
FNDA:0,(anonymous_16)
FNDA:0,CreateProductService
FNDA:0,(anonymous_18)
DA:1,0
DA:5,0
DA:15,0
DA:16,0
DA:18,0
DA:20,0
DA:21,0
DA:22,0
DA:23,0
DA:25,0
DA:27,0
DA:29,0
LF:12
LH:0
BRF:0
BRH:0
end_of_record
